[[1;34mINFO[m] Scanning for projects...
[[1;34mINFO[m] 
[[1;34mINFO[m] [1m----------------< [0;36mcom.example:MailApplication-Backend[0;1m >-----------------[m
[[1;34mINFO[m] [1mBuilding MailApplication-Backend 0.0.1-SNAPSHOT[m
[[1;34mINFO[m] [1m--------------------------------[ jar ]---------------------------------[m
[[1;34mINFO[m] 
[[1;34mINFO[m] [1m>>> [0;32mspring-boot-maven-plugin:3.2.3:run[m [1m(default-cli)[0;1m > [0;1mtest-compile[m @ [36mMailApplication-Backend[0;1m >>>[m
[[1;34mINFO[m] 
[[1;34mINFO[m] [1m--- [0;32mmaven-resources-plugin:3.3.1:resources[m [1m(default-resources)[m @ [36mMailApplication-Backend[0;1m ---[m
[[1;34mINFO[m] Copying 1 resource from src/main/resources to target/classes
[[1;34mINFO[m] Copying 0 resource from src/main/resources to target/classes
[[1;34mINFO[m] 
[[1;34mINFO[m] [1m--- [0;32mmaven-compiler-plugin:3.11.0:compile[m [1m(default-compile)[m @ [36mMailApplication-Backend[0;1m ---[m
[[1;34mINFO[m] Nothing to compile - all classes are up to date
[[1;34mINFO[m] 
[[1;34mINFO[m] [1m--- [0;32mmaven-resources-plugin:3.3.1:testResources[m [1m(default-testResources)[m @ [36mMailApplication-Backend[0;1m ---[m
[[1;34mINFO[m] skip non existing resourceDirectory /media/pradeep/Windows/mail/MailApplication-Backend/src/test/resources
[[1;34mINFO[m] 
[[1;34mINFO[m] [1m--- [0;32mmaven-compiler-plugin:3.11.0:testCompile[m [1m(default-testCompile)[m @ [36mMailApplication-Backend[0;1m ---[m
[[1;34mINFO[m] Nothing to compile - all classes are up to date
[[1;34mINFO[m] 
[[1;34mINFO[m] [1m<<< [0;32mspring-boot-maven-plugin:3.2.3:run[m [1m(default-cli)[0;1m < [0;1mtest-compile[m @ [36mMailApplication-Backend[0;1m <<<[m
[[1;34mINFO[m] 
[[1;34mINFO[m] 
[[1;34mINFO[m] [1m--- [0;32mspring-boot-maven-plugin:3.2.3:run[m [1m(default-cli)[m @ [36mMailApplication-Backend[0;1m ---[m
[[1;34mINFO[m] Attaching agents: []

  .   ____          _            __ _ _
 /\\ / ___'_ __ _ _(_)_ __  __ _ \ \ \ \
( ( )\___ | '_ | '_| | '_ \/ _` | \ \ \ \
 \\/  ___)| |_)| | | | | || (_| |  ) ) ) )
  '  |____| .__|_| |_|_| |_\__, | / / / /
 =========|_|==============|___/=/_/_/_/
 :: Spring Boot ::                (v3.2.3)

2026-01-29 13:37:18 - Starting MailApplication using Java 17.0.17 with PID 82203 (/media/pradeep/Windows/mail/MailApplication-Backend/target/classes started by pradeep in /media/pradeep/Windows/mail/MailApplication-Backend)
2026-01-29 13:37:18 - Running with Spring Boot v3.2.3, Spring v6.1.4
2026-01-29 13:37:18 - No active profile set, falling back to 1 default profile: "default"
2026-01-29 13:37:19 - Bootstrapping Spring Data JPA repositories in DEFAULT mode.
2026-01-29 13:37:19 - Finished Spring Data repository scanning in 76 ms. Found 5 JPA repository interfaces.
2026-01-29 13:37:20 - Tomcat initialized with port 8080 (http)
2026-01-29 13:37:20 - Starting service [Tomcat]
2026-01-29 13:37:20 - Starting Servlet engine: [Apache Tomcat/10.1.19]
2026-01-29 13:37:20 - Initializing Spring embedded WebApplicationContext
2026-01-29 13:37:20 - Root WebApplicationContext: initialization completed in 1513 ms
2026-01-29 13:37:20 - HHH000204: Processing PersistenceUnitInfo [name: default]
2026-01-29 13:37:20 - HHH000412: Hibernate ORM core version 6.4.4.Final
2026-01-29 13:37:20 - HHH000026: Second-level cache disabled
2026-01-29 13:37:20 - No LoadTimeWeaver setup: ignoring JPA class transformer
2026-01-29 13:37:20 - HikariPool-1 - Starting...
2026-01-29 13:37:21 - HikariPool-1 - Added connection com.mysql.cj.jdbc.ConnectionImpl@14d1737a
2026-01-29 13:37:21 - HikariPool-1 - Start completed.
2026-01-29 13:37:21 - HHH90000025: MySQLDialect does not need to be specified explicitly using 'hibernate.dialect' (remove the property setting and it will be selected by default)
2026-01-29 13:37:22 - HHH000489: No JTA platform available (set 'hibernate.transaction.jta.platform' to enable JTA platform integration)
2026-01-29 13:37:22 - Initialized JPA EntityManagerFactory for persistence unit 'default'
2026-01-29 13:37:22 - Filter 'jwtFilter' configured for use
2026-01-29 13:37:22 - Hibernate is in classpath; If applicable, HQL parser will be used.
2026-01-29 13:37:23 - Will secure any request with [org.springframework.security.web.session.DisableEncodeUrlFilter@5b1b1b10, org.springframework.security.web.context.request.async.WebAsyncManagerIntegrationFilter@4e081ec7, org.springframework.security.web.context.SecurityContextHolderFilter@7d72f5a9, org.springframework.security.web.header.HeaderWriterFilter@76117cac, org.springframework.web.filter.CorsFilter@46646e38, org.springframework.security.web.authentication.logout.LogoutFilter@7bc27f7e, com.yourcompany.mailapp.security.JwtFilter@24d097c8, org.springframework.security.web.savedrequest.RequestCacheAwareFilter@1728a3fa, org.springframework.security.web.servletapi.SecurityContextHolderAwareRequestFilter@34151e5d, org.springframework.security.web.authentication.AnonymousAuthenticationFilter@6862f883, org.springframework.security.web.session.SessionManagementFilter@9def6d, org.springframework.security.web.access.ExceptionTranslationFilter@950a833, org.springframework.security.web.access.intercept.AuthorizationFilter@a43e8bc]
2026-01-29 13:37:24 - Tomcat started on port 8080 (http) with context path ''
2026-01-29 13:37:24 - Started MailApplication in 5.721 seconds (process running for 6.093)
2026-01-29 13:37:24 - 
    select
        count(*) 
    from
        users u1_0
Hibernate: 
    select
        count(*) 
    from
        users u1_0
[[1;34mINFO[m] [1m------------------------------------------------------------------------[m
[[1;34mINFO[m] [1;31mBUILD FAILURE[m
[[1;34mINFO[m] [1m------------------------------------------------------------------------[m
[[1;34mINFO[m] Total time:  09:30 min
[[1;34mINFO[m] Finished at: 2026-01-29T13:46:46+05:30
[[1;34mINFO[m] [1m------------------------------------------------------------------------[m
[[1;31mERROR[m] Failed to execute goal [32morg.springframework.boot:spring-boot-maven-plugin:3.2.3:run[m [1m(default-cli)[m on project [36mMailApplication-Backend[m: [1;31mProcess terminated with exit code: 137[m -> [1m[Help 1][m
[[1;31mERROR[m] 
[[1;31mERROR[m] To see the full stack trace of the errors, re-run Maven with the [1m-e[m switch.
[[1;31mERROR[m] Re-run Maven using the [1m-X[m switch to enable full debug logging.
[[1;31mERROR[m] 
[[1;31mERROR[m] For more information about the errors and possible solutions, please read the following articles:
[[1;31mERROR[m] [1m[Help 1][m http://cwiki.apache.org/confluence/display/MAVEN/MojoExecutionException
